<?xml version="1.0" encoding="UTF-8"?>
<!-- Generated by org.testng.reporters.JUnitReportReporter -->
<testsuite hostname="DESKTOP-PQ3L997" failures="0" tests="1" name="practicetest1.PTest" time="0.038" errors="0" timestamp="26 Apr. 2022 16:26:52 GMT" skipped="0">
  <testcase classname="practicetest1.PTest" name="titleTest" time="0.038"/>
</testsuite> <!-- practicetest1.PTest -->
