<?xml version="1.0" encoding="UTF-8"?>
<!-- Generated by org.testng.reporters.JUnitReportReporter -->
<testsuite hostname="DESKTOP-PQ3L997" failures="0" tests="1" name="com.qa.practicetest1.test.PTest" time="0.103" errors="0" timestamp="25 Apr. 2022 21:55:00 GMT" skipped="0">
  <testcase classname="com.qa.practicetest1.test.PTest" name="titleTest" time="0.103"/>
</testsuite> <!-- com.qa.practicetest1.test.PTest -->
