<?xml version="1.0" encoding="UTF-8"?>
<!-- Generated by org.testng.reporters.JUnitReportReporter -->
<testsuite hostname="DESKTOP-PQ3L997" failures="0" tests="2" name="practicetest1.BrowserSetup" time="0.047" errors="0" timestamp="26 Apr. 2022 00:24:02 GMT" skipped="0">
  <testcase classname="practicetest1.BrowserSetup" name="currentUrl" time="0.031"/>
  <testcase classname="practicetest1.BrowserSetup" name="pageTitle" time="0.016"/>
</testsuite> <!-- practicetest1.BrowserSetup -->
